<?xml version="1.0" encoding="UTF-8"?>
<!-- Generated by org.testng.reporters.JUnitReportReporter -->
<testsuite name="homePage.TC001_VerifyLoginWithInvalidCredential" tests="1" time="3.394" ignored="0" failures="0" timestamp="13 Jun 2017 03:31:31 GMT" skipped="0" hostname="DESKTOP-6C6GB7L" errors="0">
  <testcase name="verifyLoginWithInvalidCred" time="3.394" classname="homePage.TC001_VerifyLoginWithInvalidCredential"/>
</testsuite> <!-- homePage.TC001_VerifyLoginWithInvalidCredential -->
