<?xml version="1.0" encoding="UTF-8"?>
<!-- Generated by org.testng.reporters.JUnitReportReporter -->
<testsuite name="homePage.TC002_VerifyRegistration" tests="1" time="11.770" ignored="0" failures="0" timestamp="13 Jun 2017 21:40:33 GMT" skipped="0" hostname="DESKTOP-6C6GB7L" errors="0">
  <testcase name="testLogin" time="11.770" classname="homePage.TC002_VerifyRegistration"/>
</testsuite> <!-- homePage.TC002_VerifyRegistration -->
